[debug] [2020-03-06T21:20:17.942Z] ----------------------------------------------------------------------
[debug] [2020-03-06T21:20:17.944Z] Command:       /home/denis/.nvm/versions/node/v10.15.3/bin/node /home/denis/.nvm/versions/node/v10.15.3/bin/firebase deploy
[debug] [2020-03-06T21:20:17.944Z] CLI Version:   7.14.0
[debug] [2020-03-06T21:20:17.944Z] Platform:      linux
[debug] [2020-03-06T21:20:17.944Z] Node Version:  v10.15.3
[debug] [2020-03-06T21:20:17.944Z] Time:          Sat Mar 07 2020 00:20:17 GMT+0300 (East Africa Time)
[debug] [2020-03-06T21:20:17.944Z] ----------------------------------------------------------------------
[debug] [2020-03-06T21:20:17.944Z] 
[debug] [2020-03-06T21:20:17.950Z] > command requires scopes: ["email","openid","https://www.googleapis.com/auth/cloudplatformprojects.readonly","https://www.googleapis.com/auth/firebase","https://www.googleapis.com/auth/cloud-platform"]
[debug] [2020-03-06T21:20:17.950Z] > authorizing via signed-in user
[debug] [2020-03-06T21:20:17.950Z] [iam] checking project vacay-flights for permissions ["firebase.projects.get","firebasehosting.sites.update"]
[debug] [2020-03-06T21:20:17.952Z] > refreshing access token with scopes: ["email","https://www.googleapis.com/auth/cloud-platform","https://www.googleapis.com/auth/cloudplatformprojects.readonly","https://www.googleapis.com/auth/firebase","openid"]
[debug] [2020-03-06T21:20:17.952Z] >>> HTTP REQUEST POST https://www.googleapis.com/oauth2/v3/token  
 <request body omitted>
[debug] [2020-03-06T21:20:18.874Z] <<< HTTP RESPONSE 200
[debug] [2020-03-06T21:20:18.930Z] >>> HTTP REQUEST POST https://cloudresourcemanager.googleapis.com/v1/projects/vacay-flights:testIamPermissions  

[debug] [2020-03-06T21:20:20.998Z] <<< HTTP RESPONSE 200
[debug] [2020-03-06T21:20:21.007Z] >>> HTTP REQUEST GET https://firebase.googleapis.com/v1beta1/projects/vacay-flights  
 
[debug] [2020-03-06T21:20:21.812Z] <<< HTTP RESPONSE 200
[info] 
[info] === Deploying to 'vacay-flights'...
[info] 
[info] i  deploying hosting
[debug] [2020-03-06T21:20:21.834Z] >>> HTTP REQUEST POST https://firebasehosting.googleapis.com/v1beta1/sites/vacay-flights/versions  

[debug] [2020-03-06T21:20:24.735Z] <<< HTTP RESPONSE 200
[info] i  hosting[vacay-flights]: beginning deploy...
[info] i  hosting[vacay-flights]: found 82 files in build
[debug] [2020-03-06T21:20:24.770Z] [hosting] hash cache [YnVpbGQ] stored for 82 files
[debug] [2020-03-06T21:20:24.770Z] [hosting][hash queue][FINAL]
[debug] [2020-03-06T21:20:24.770Z] >>> HTTP REQUEST POST https://firebasehosting.googleapis.com/v1beta1/sites/vacay-flights/versions/063ec8df1b06e704:populateFiles  
 <request body omitted>
[debug] [2020-03-06T21:20:27.125Z] <<< HTTP RESPONSE 200
[debug] [2020-03-06T21:20:27.128Z] [hosting][populate queue][FINAL]
[debug] [2020-03-06T21:20:27.129Z] [hosting] uploads queued: 0
[debug] [2020-03-06T21:20:27.129Z] [hosting][upload queue][FINAL]
[info] ✔  hosting[vacay-flights]: file upload complete
[debug] [2020-03-06T21:20:27.132Z] [hosting] deploy completed after 2396ms
[debug] [2020-03-06T21:20:27.659Z] [
  {
    "config": {
      "public": "build",
      "ignore": [
        "firebase.json",
        "**/.*",
        "**/node_modules/**"
      ],
      "rewrites": [
        {
          "source": "**",
          "destination": "/index.html"
        }
      ],
      "site": "vacay-flights"
    },
    "site": "vacay-flights",
    "version": "sites/vacay-flights/versions/063ec8df1b06e704"
  }
]
[info] i  hosting[vacay-flights]: finalizing version...
[debug] [2020-03-06T21:20:27.662Z] >>> HTTP REQUEST PATCH https://firebasehosting.googleapis.com/v1beta1/sites/vacay-flights/versions/063ec8df1b06e704?updateMask=status  

